Building DAG of jobs...
Using shell: /usr/bin/bash
Provided cores: 10
Rules claiming more threads will be scaled down.
Job counts:
	count	jobs
	1	VariantFiltration
	1	all
	1	gatk_FilterFuncotations
	1	gatk_Funcotator
	1	gatk_SelectVariants
	1	gatk_ValidateVariants
	6

[Fri Dec 30 22:49:24 2022]
Job 5: hard-filter snps & indels on multiple expressions using VariantFiltration on aligned_reads/DAMICO_raw_snps_indels_tmp_combined.g.vcf.gz

Write-protecting output file aligned_reads/DAMICO_raw_snps_indels_hard_filter.vcf.gz.
[Fri Dec 30 22:57:09 2022]
Finished job 5.
1 of 6 steps (17%) done

[Fri Dec 30 22:57:09 2022]
Job 4: validating  vcf using ValidateVariants 

[Fri Dec 30 22:57:11 2022]
Error in rule gatk_ValidateVariants:
    jobid: 4
    output: aligned_reads/DAMICO_raw_snps_indels_hard_filter_validated.vcf.gz
    log: logs/ValidateVariants/DAMICO.log (check log file(s) for error message)
    shell:
         gatk --java-options "-Xms6000m -Xmx6500m"         ValidateVariants         -V aligned_reads/DAMICO_raw_snps_indels_hard_filter.vcf.gz         -R /mnt/linuxRDB/FamilyDAMICO_pipelineVC_GATK4/references/hg38.fa         -L --L /mnt/linuxRDB/FamilyDAMICO_pipelineVC_GATK4/references/SureSelect_V5UTR_extended_25pb.bed          --validation-type-to-exclude ALLELES         --dbsnp /mnt/linuxRDB/FamilyDAMICO_pipelineVC_GATK4/references/hg38_v0_Homo_sapiens_assembly38.dbsnp138.vcf.gz         --no-overlaps &>logs/ValidateVariants/DAMICO.log
        (one of the commands exited with non-zero exit code; note that snakemake uses bash strict mode!)

Shutting down, this might take some time.
Exiting because a job execution failed. Look above for error message
Complete log: /mnt/linuxRDB/FamilyDAMICO_pipelineVC_GATK4/VariantFiltration/.snakemake/log/2022-12-30T224924.748622.snakemake.log
