Building DAG of jobs...
Using shell: /usr/bin/bash
Provided cores: 10
Rules claiming more threads will be scaled down.
Job counts:
	count	jobs
	1	VariantFiltration
	1	all
	1	gatk_FilterFuncotations
	1	gatk_Funcotator
	1	gatk_SelectVariants
	1	gatk_ValidateVariants
	6

[Fri Dec 30 21:50:55 2022]
Job 5: hard-filter snps & indels on multiple expressions using VariantFiltration on aligned_reads/DAMICO_raw_snps_indels_tmp_combined.g.vcf.gz

[Fri Dec 30 21:50:56 2022]
Error in rule VariantFiltration:
    jobid: 5
    output: aligned_reads/DAMICO_raw_snps_indels_hard_filter.vcf.gz
    log: logs/VariantFiltration/DAMICO.log (check log file(s) for error message)
    shell:
        gatk VariantFiltration          -V aligned_reads/DAMICO_raw_snps_indels_tmp_combined.g.vcf.gz         --L /mnt/linuxRDB/FamilyDAMICO_pipelineVC_GATK4/references/SureSelect_V5UTR_extended_25pb.bed          --filter-expression "QD < 2.0 || FS > 30.0 || SOR > 3.0 || MQ < 40.0 || MQRankSum < -3.0 || ReadPosRankSum < -3.0" \        --filter-name "HardFiltered"         -O aligned_reads/DAMICO_raw_snps_indels_hard_filter.vcf.gz &> logs/VariantFiltration/DAMICO.log
        (one of the commands exited with non-zero exit code; note that snakemake uses bash strict mode!)

Shutting down, this might take some time.
Exiting because a job execution failed. Look above for error message
Complete log: /mnt/linuxRDB/FamilyDAMICO_pipelineVC_GATK4/VariantFiltration/.snakemake/log/2022-12-30T215055.003289.snakemake.log
