Building DAG of jobs...
Using shell: /usr/bin/bash
Provided cores: 1 (use --cores to define parallelism)
Rules claiming more threads will be scaled down.
Job counts:
	count	jobs
	1	VariantFiltration
	1	VariantRecalibrator
	1	all
	1	gatk_ApplyVQSR
	4

[Thu Jan  5 19:54:53 2023]
Job 2: HardFilterAndMakeSitesOnlyVcf on aligned_reads/DAMICO_raw_snps_indels.vcf.gz

Write-protecting output file aligned_reads/DAMICO_raw_snps_indels_excesshet.vcf.gz.
Write-protecting output file aligned_reads/DAMICO_raw_snps_indels_sitesonly.vcf.gz.
[Thu Jan  5 19:55:02 2023]
Finished job 2.
1 of 4 steps (25%) done

[Thu Jan  5 19:55:02 2023]
Job 3: Calculate VQSLOD tranches for indels  and snpusing VariantRecalibrator on aligned_reads/DAMICO_raw_snps_indels_sitesonly.vcf.gz

Write-protecting output file aligned_reads/DAMICO_raw_snps.recal.
Write-protecting output file aligned_reads/DAMICO_raw_indels.recal.
Write-protecting output file aligned_reads/DAMICO_raw_indels.tranches.
Write-protecting output file aligned_reads/DAMICO_raw_snps.tranches.
[Thu Jan  5 19:58:14 2023]
Finished job 3.
2 of 4 steps (50%) done

[Thu Jan  5 19:58:14 2023]
Job 1: Successively apply the indel and SNP recalibrations to the full callset using ApplyVQSR on aligned_reads/DAMICO_raw_snps_indels_sitesonly.vcf.gz

Write-protecting output file aligned_reads/DAMICO_raw_snps_indels.recalibrated.vcf.gz.
Removing temporary output file aligned_reads/DAMICO_raw_snps_indels.recalibrated_tmp.vcf.gz.
[Thu Jan  5 19:58:25 2023]
Finished job 1.
3 of 4 steps (75%) done

[Thu Jan  5 19:58:25 2023]
localrule all:
    input: aligned_reads/DAMICO_raw_snps_indels.recalibrated.vcf.gz
    jobid: 0

[Thu Jan  5 19:58:25 2023]
Finished job 0.
4 of 4 steps (100%) done
Complete log: /mnt/linuxRDB/FamilyDAMICO_pipelineVC_GATK4/VariantFiltration/.snakemake/log/2023-01-05T195452.895049.snakemake.log
