Building DAG of jobs...
Using shell: /usr/bin/bash
Provided cores: 1 (use --cores to define parallelism)
Rules claiming more threads will be scaled down.
Job counts:
	count	jobs
	1	all
	1	gatk_Funcotator
	2

[Fri Jan  6 16:48:02 2023]
Job 1: Annotating aligned_reads/DAMICO_raw_snps_indels_recalibrated.vcf.gz vcf using Funcotator 

Write-protecting output file aligned_reads/DAMICO_raw_snps_indels_recalibrated_annotated.vcf.gz.
[Fri Jan  6 16:58:01 2023]
Finished job 1.
1 of 2 steps (50%) done

[Fri Jan  6 16:58:01 2023]
localrule all:
    input: aligned_reads/DAMICO_raw_snps_indels_recalibrated_annotated.vcf.gz
    jobid: 0

[Fri Jan  6 16:58:01 2023]
Finished job 0.
2 of 2 steps (100%) done
Complete log: /mnt/linuxRDB/FamilyDAMICO_pipelineVC_GATK4/VariantFiltration/.snakemake/log/2023-01-06T164802.238111.snakemake.log
