Building DAG of jobs...
Using shell: /usr/bin/bash
Provided cores: 1 (use --cores to define parallelism)
Rules claiming more threads will be scaled down.
Job counts:
	count	jobs
	1	VariantRecalibrator
	1	all
	1	gatk_ApplyVQSR
	1	gatk_Funcotator
	4

[Fri Jan  6 17:54:32 2023]
Job 3: Calculate VQSLOD tranches for indels  and snpusing VariantRecalibrator on aligned_reads/DAMICO_raw_snps_indels.vcf.gz

Write-protecting output file aligned_reads/DAMICO_raw_snps.recal.
Write-protecting output file aligned_reads/DAMICO_raw_indels.recal.
Write-protecting output file aligned_reads/DAMICO_raw_indels.tranches.
Write-protecting output file aligned_reads/DAMICO_raw_snps.tranches.
[Fri Jan  6 17:59:00 2023]
Finished job 3.
1 of 4 steps (25%) done

[Fri Jan  6 17:59:00 2023]
Job 2: Successively apply the indel and SNP recalibrations to the full callset using ApplyVQSR on aligned_reads/DAMICO_raw_snps_indels.vcf.gz

Write-protecting output file aligned_reads/DAMICO_raw_snps_indels_recalibrated.vcf.gz.
Removing temporary output file aligned_reads/DAMICO_raw_snps_indels_recalibrated_tmp.vcf.gz.
[Fri Jan  6 17:59:13 2023]
Finished job 2.
2 of 4 steps (50%) done

[Fri Jan  6 17:59:13 2023]
Job 1: Annotating aligned_reads/DAMICO_raw_snps_indels_recalibrated.vcf.gz vcf using Funcotator 

Write-protecting output file aligned_reads/DAMICO_raw_snps_indels_recalibrated_annotated.vcf.gz.
[Fri Jan  6 18:07:38 2023]
Finished job 1.
3 of 4 steps (75%) done

[Fri Jan  6 18:07:38 2023]
localrule all:
    input: aligned_reads/DAMICO_raw_snps_indels_recalibrated_annotated.vcf.gz
    jobid: 0

[Fri Jan  6 18:07:38 2023]
Finished job 0.
4 of 4 steps (100%) done
Complete log: /mnt/linuxRDB/FamilyDAMICO_pipelineVC_GATK4/VariantFiltration/.snakemake/log/2023-01-06T175432.335327.snakemake.log
