Building DAG of jobs...
Using shell: /usr/bin/bash
Provided cores: 1 (use --cores to define parallelism)
Rules claiming more threads will be scaled down.
Job counts:
	count	jobs
	1	VariantRecalibrator
	1	all
	1	gatk_ApplyVQSR
	3

[Tue Jan  3 19:32:49 2023]
Job 3: Calculate VQSLOD tranches for indels  and snpusing VariantRecalibrator on aligned_reads/DAMICO_raw_snps_indels_sitesonly.vcf.gz

[Tue Jan  3 19:36:14 2023]
Error in rule VariantRecalibrator:
    jobid: 3
    output: aligned_reads/DAMICO_raw_snps.recal, aligned_reads/DAMICO_raw_indels.recal, aligned_reads/DAMICO_raw_indels.tranches, aligned_reads/DAMICO_raw_snps.tranches
    log: logs/VariantRecalibrator10000/DAMICO.log (check log file(s) for error message)
    shell:
        gatk   VariantRecalibrator           -V aligned_reads/DAMICO_raw_snps_indels_sitesonly.vcf.gz            -O aligned_reads/DAMICO_raw_indels.recal          --tranches-file aligned_reads/DAMICO_raw_indels.tranches          --trust-all-polymorphic          -tranche 100.0 -tranche 99.95 -tranche 99.9 -tranche 99.5 -tranche 99.0          -tranche 97.0 -tranche 96.0 -tranche 95.0 -tranche 94.0 -tranche 93.5          -tranche 93.0 -tranche 92.0 -tranche 91.0 -tranche 90.0          -an FS -an ReadPosRankSum -an MQRankSum -an QD -an SOR -an DP          -mode INDEL          --max-gaussians 4           -resource:mills,known=false,training=true,truth=true,prior=12 ../references/hg38_v0_Mills_and_1000G_gold_standard.indels.hg38.vcf.gz  -resource:axiomPoly,known=false,training=true,truth=false,prior=10 ../references/Axiom_Exome_Plus.genotypes.all_populations.poly.hg38.vcf.gz  -resource:dbsnp,known=true,training=false,truth=false,prior=2 ../references/hg38_v0_Homo_sapiens_assembly38.dbsnp138.vcf.gz            --rscript-file output_INDELS1.plots.R          &&          gatk   VariantRecalibrator            -V aligned_reads/DAMICO_raw_snps_indels_sitesonly.vcf.gz            -O aligned_reads/DAMICO_raw_snps.recal             --tranches-file aligned_reads/DAMICO_raw_snps.tranches           --trust-all-polymorphic            -tranche 100.0 -tranche 99.95 -tranche 99.9 -tranche 99.8 -tranche 99.6           -tranche 99.5 -tranche 99.4 -tranche 99.3 -tranche 99.0 -tranche 98.0           -tranche 97.0 -tranche 90.0            -an QD -an MQRankSum -an ReadPosRankSum -an FS -an MQ -an SOR -an DP            -mode SNP            --max-gaussians 6            -resource:hapmap,known=false,training=true,truth=true,prior=15 ../references/hapmap_3.3.hg38.vcf.gz  -resource:omni,known=false,training=true,truth=true,prior=12 ../references/1000G_omni2.5.hg38.vcf.gz  -resource:1000G,known=false,training=true,truth=false,prior=10 ../references/hg38_v0_1000G_phase1.snps.high_confidence.hg38.vcf.gz  -resource:dbsnp,known=true,training=false,truth=false,prior=7 ../references/hg38_v0_Homo_sapiens_assembly38.dbsnp138.vcf.gz           --rscript-file out_SNP1.plots.R          &>> logs/VariantRecalibrator10000/DAMICO.log
        (one of the commands exited with non-zero exit code; note that snakemake uses bash strict mode!)

Removing output files of failed job VariantRecalibrator since they might be corrupted:
aligned_reads/DAMICO_raw_indels.recal, aligned_reads/DAMICO_raw_indels.tranches
Shutting down, this might take some time.
Exiting because a job execution failed. Look above for error message
Complete log: /mnt/linuxRDB/FamilyDAMICO_pipelineVC_GATK4/VariantFiltration/.snakemake/log/2023-01-03T193249.423309.snakemake.log
