Building DAG of jobs...
Using shell: /usr/bin/bash
Provided cores: 1 (use --cores to define parallelism)
Rules claiming more threads will be scaled down.
Job counts:
	count	jobs
	1	VariantFiltration
	1	VariantRecalibrator
	1	all
	1	gatk_ApplyVQSR
	4

[Thu Jan  5 19:10:53 2023]
Job 2: HardFilterAndMakeSitesOnlyVcf on aligned_reads/DAMICO_raw_snps_indels.vcf.gz

Write-protecting output file aligned_reads/DAMICO_raw_snps_indels_excesshet.vcf.gz.
Write-protecting output file aligned_reads/DAMICO_raw_snps_indels_sitesonly.vcf.gz.
[Thu Jan  5 19:11:02 2023]
Finished job 2.
1 of 4 steps (25%) done

[Thu Jan  5 19:11:02 2023]
Job 3: Calculate VQSLOD tranches for indels  and snpusing VariantRecalibrator on aligned_reads/DAMICO_raw_snps_indels_sitesonly.vcf.gz

Write-protecting output file aligned_reads/DAMICO_raw_snps.recal.
Write-protecting output file aligned_reads/DAMICO_raw_indels.recal.
Write-protecting output file aligned_reads/DAMICO_raw_indels.tranches.
Write-protecting output file aligned_reads/DAMICO_raw_snps.tranches.
[Thu Jan  5 19:14:13 2023]
Finished job 3.
2 of 4 steps (50%) done

[Thu Jan  5 19:14:13 2023]
Job 1: Successively apply the indel and SNP recalibrations to the full callset using ApplyVQSR on aligned_reads/DAMICO_raw_snps_indels_sitesonly.vcf.gz

[Thu Jan  5 19:14:15 2023]
Error in rule gatk_ApplyVQSR:
    jobid: 1
    output: aligned_reads/DAMICO_raw_snps.recalibrated.vcf.gz, aligned_reads/DAMICO_raw_indels.recalibrated.vcf.gz
    log: logs/ApplyVQSR10000/DAMICO.log (check log file(s) for error message)
    shell:
         gatk --java-options "-Xmx20g"     ApplyVQSR          -V aligned_reads/DAMICO_raw_snps_indels_excesshet.vcf.gz         --recal-file aligned_reads/DAMICO_raw_indels.recal          --tranches-file aligned_reads/DAMICO_raw_snps.tranches          --truth-sensitivity-filter-level 99.0          --create-output-variant-index true            --use-allele-specific-annotations         -mode INDEL          -O aligned_reads/DAMICO_raw_indels.recalibrated.vcf.gz         &&         gatk --java-options "-Xmx20g"   ApplyVQSR           -V aligned_reads/DAMICO_raw_indels.recalibrated.vcf.gz          --recal-file aligned_reads/DAMICO_raw_snps.recal          --tranches-file aligned_reads/DAMICO_raw_snps.tranches             --truth-sensitivity-filter-level 99.7           --create-output-variant-index true         --use-allele-specific-annotations false         -mode SNP          -O snp.recalibrated.vcf.gz &> logs/ApplyVQSR10000/DAMICO.log
        (one of the commands exited with non-zero exit code; note that snakemake uses bash strict mode!)

Removing output files of failed job gatk_ApplyVQSR since they might be corrupted:
aligned_reads/DAMICO_raw_indels.recalibrated.vcf.gz
Shutting down, this might take some time.
Exiting because a job execution failed. Look above for error message
Complete log: /mnt/linuxRDB/FamilyDAMICO_pipelineVC_GATK4/VariantFiltration/.snakemake/log/2023-01-05T191052.931470.snakemake.log
