Building DAG of jobs...
Using shell: /usr/bin/bash
Provided cores: 1 (use --cores to define parallelism)
Rules claiming more threads will be scaled down.
Job counts:
	count	jobs
	1	all
	1	gatk_FilterFuncotations
	1	gatk_Funcotator
	1	gatk_SelectVariants
	4

[Sun Jan  1 22:58:43 2023]
Job 3: Annotating aligned_reads/DAMICO_raw_snps_indels_hard_filter.vcf.gz vcf using Funcotator 

[Sun Jan  1 22:58:45 2023]
Error in rule gatk_Funcotator:
    jobid: 3
    output: aligned_reads/DAMICO_raw_snps_indels_hard_filter_verified_annotated.vcf.gz
    log: logs/Funcotator/DAMICO.log (check log file(s) for error message)
    shell:
         gatk --java-options "-Xmx5g" Funcotator         --data-sources-path DATA_SOURCES_FOLDER/         --ref-version  hg38
        --output-file-format VCF  --R /mnt/linuxRDB/FamilyDAMICO_pipelineVC_GATK4/references/hg38.fa  -V aligned_reads/DAMICO_raw_snps_indels_hard_filter.vcf.gz  --output aligned_reads/DAMICO_raw_snps_indels_hard_filter_verified_annotated.vcf.gz  --L /mnt/linuxRDB/FamilyDAMICO_pipelineVC_GATK4/references/SureSelect_V5UTR_extended_25pb.bed   --transcript-selection-mode ALL 
        (one of the commands exited with non-zero exit code; note that snakemake uses bash strict mode!)

Shutting down, this might take some time.
Exiting because a job execution failed. Look above for error message
Complete log: /mnt/linuxRDB/FamilyDAMICO_pipelineVC_GATK4/VariantFiltration/.snakemake/log/2023-01-01T225843.648370.snakemake.log
