Building DAG of jobs...
Using shell: /usr/bin/bash
Provided cores: 1 (use --cores to define parallelism)
Rules claiming more threads will be scaled down.
Job counts:
	count	jobs
	1	VariantEval
	1	all
	2

[Thu Jan  5 22:27:40 2023]
Job 1: Compare aligned_reads/DAMICO_raw_snps_indels.recalibrated.vcf.gz callset against a known population callset(dbspn) using VariantEval 

[Thu Jan  5 22:30:09 2023]
Error in rule VariantEval:
    jobid: 1
    output: aligned_reads/DAMICO_Eval.txt, aligned_reads/DAMICO_raw_snps_indels_sorted.recalibrated.vcf.gz
    log: logs/VariantEval/DAMICO.log (check log file(s) for error message)
    shell:
        java -jar   ../tools/picard.jar SortVcf         I=aligned_reads/DAMICO_raw_snps_indels.recalibrated.vcf.gz         O=aligned_reads/DAMICO_raw_snps_indels_sorted.recalibrated.vcf.gz         &&         gatk --java-options "-Xmx20g" VariantEval         -R /mnt/linuxRDB/FamilyDAMICO_pipelineVC_GATK4/references/hg38.fa         -eval aligned_reads/DAMICO_raw_snps_indels_sorted.recalibrated.vcf.gz         -D /mnt/linuxRDB/FamilyDAMICO_pipelineVC_GATK4/references/hg38_v0_Homo_sapiens_assembly38.dbsnp138.vcf.gz          -no-ev          -EV CompOverlap         -EV IndelSummary         -EV TiTvVariantEvaluator          -EV CountVariants         -EV MultiallelicSummary          -O aligned_reads/DAMICO_Eval.txt &> logs/VariantEval/DAMICO.log
        (one of the commands exited with non-zero exit code; note that snakemake uses bash strict mode!)

Removing output files of failed job VariantEval since they might be corrupted:
aligned_reads/DAMICO_raw_snps_indels_sorted.recalibrated.vcf.gz
Shutting down, this might take some time.
Exiting because a job execution failed. Look above for error message
Complete log: /mnt/linuxRDB/FamilyDAMICO_pipelineVC_GATK4/VariantFiltration/.snakemake/log/2023-01-05T222740.626269.snakemake.log
