Building DAG of jobs...
Using shell: /usr/bin/bash
Provided cores: 1 (use --cores to define parallelism)
Rules claiming more threads will be scaled down.
Job counts:
	count	jobs
	1	all
	1	gatk_Funcotator
	2

[Fri Jan  6 16:04:19 2023]
Job 1: Annotating aligned_reads/DAMICO_raw_snps_indels_recalibrated.vcf.gz vcf using Funcotator 

[Fri Jan  6 16:04:19 2023]
Error in rule gatk_Funcotator:
    jobid: 1
    output: aligned_reads/DAMICO_raw_snps_indels_recalibrated_annotated.vcf.gz
    log: logs/Funcotator/DAMICO.log (check log file(s) for error message)
    shell:
        
        if [[ ! -e datasources_dir]] ; then
           DATA_SOURCES_FOLDER="$PWD/datasources_dir"
           DATA_SOURCES_TAR_GZ= 
          if [[ ! -e $DATA_SOURCES_TAR_GZ ]] ; then
            DOWNLOADED_DATASOURCES_NAME="downloaded_datasources.tar.gz"
            gatk --java-options "-Xmx50G" FuncotatorDataSourceDownloader --germline --output $DOWNLOADED_DATASOURCES_NAME
            DATA_SOURCES_TAR_GZ=$DOWNLOADED_DATASOURCES_NAME
          fi
          # Extract provided the tar.gz:
          mkdir $DATA_SOURCES_FOLDER
          tar zxvf $DATA_SOURCES_TAR_GZ -C $DATA_SOURCES_FOLDER --strip-components 1
          if true; then
            tar -xzvf $DATA_SOURCES_FOLDER/gnomAD_exome.tar.gz -C $DATA_SOURCES_FOLDER/
          fi
          if false; then
            tar -xzvf $DATA_SOURCES_FOLDER/gnomAD_genome.tar.gz -C $DATA_SOURCES_FOLDER/
          fi 
        else
          pass
        fi  
        gatk --java-options "-Xmx50g" Funcotator         --data-sources-path $DATA_SOURCES_FOLDER         --ref-version hg38         --output-file-format VCF         -R /mnt/linuxRDB/FamilyDAMICO_pipelineVC_GATK4/references/hg38.fa         -V aligned_reads/DAMICO_raw_snps_indels_recalibrated.vcf.gz         -O aligned_reads/DAMICO_raw_snps_indels_recalibrated_annotated.vcf.gz         --L /mnt/linuxRDB/FamilyDAMICO_pipelineVC_GATK4/references/SureSelect_V5UTR_extended_25pb.bed          --transcript-selection-mode ALL         --transcript-list true          --annotation-default true          --annotation-override true          --remove-filtered-variants true 
        (one of the commands exited with non-zero exit code; note that snakemake uses bash strict mode!)

Shutting down, this might take some time.
Exiting because a job execution failed. Look above for error message
Complete log: /mnt/linuxRDB/FamilyDAMICO_pipelineVC_GATK4/VariantFiltration/.snakemake/log/2023-01-06T160419.137123.snakemake.log
