Building DAG of jobs...
Using shell: /usr/bin/bash
Provided cores: 1 (use --cores to define parallelism)
Rules claiming more threads will be scaled down.
Job counts:
	count	jobs
	1	all
	1	gatk_ApplyVQSR
	2

[Thu Jan  5 18:48:37 2023]
Job 1: Successively apply the indel and SNP recalibrations to the full callset using ApplyVQSR on aligned_reads/DAMICO_raw_snps_indels_sitesonly.vcf.gz

[Thu Jan  5 18:48:39 2023]
Error in rule gatk_ApplyVQSR:
    jobid: 1
    output: aligned_reads/DAMICO_raw_snps.recalibrated.vcf.gz, aligned_reads/DAMICO_raw_indels.recalibrated.vcf.gz
    log: logs/ApplyVQSR10000/DAMICO.log (check log file(s) for error message)
    shell:
         gatk --java-options "-Xmx20g"     ApplyVQSR          -V aligned_reads/DAMICO_raw_snps_indels_excesshet.vcf.gz         --recal-file aligned_reads/DAMICO_raw_indels.recal          --tranches-file aligned_reads/DAMICO_raw_snps.tranches          --truth-sensitivity-filter-level 99.0          --create-output-variant-index true            --use-allele-specific-annotations         -mode INDEL          -O aligned_reads/DAMICO_raw_indels.recalibrated.vcf.gz         &&         gatk --java-options "-Xmx20g"   ApplyVQSR           -V aligned_reads/DAMICO_raw_indels.recalibrated.vcf.gz          --recal-file aligned_reads/DAMICO_raw_snps.recal          --tranches-file aligned_reads/DAMICO_raw_snps.tranches             --truth-sensitivity-filter-level 99.7           --create-output-variant-index true         --use-allele-specific-annotations false         -mode SNP          -O snp.recalibrated.vcf.gz &> logs/ApplyVQSR10000/DAMICO.log
        (one of the commands exited with non-zero exit code; note that snakemake uses bash strict mode!)

Removing output files of failed job gatk_ApplyVQSR since they might be corrupted:
aligned_reads/DAMICO_raw_indels.recalibrated.vcf.gz
Shutting down, this might take some time.
Exiting because a job execution failed. Look above for error message
Complete log: /mnt/linuxRDB/FamilyDAMICO_pipelineVC_GATK4/VariantFiltration/.snakemake/log/2023-01-05T184837.849947.snakemake.log
