Building DAG of jobs...
Using shell: /usr/bin/bash
Provided cores: 1 (use --cores to define parallelism)
Rules claiming more threads will be scaled down.
Job counts:
	count	jobs
	1	VariantRecalibrator
	1	all
	1	gatk_ApplyVQSR
	3

[Thu Jan  5 20:28:52 2023]
Job 2: Calculate VQSLOD tranches for indels  and snpusing VariantRecalibrator on aligned_reads/DAMICO_raw_snps_indels.vcf.gz

Write-protecting output file aligned_reads/DAMICO_raw_snps.recal.
Write-protecting output file aligned_reads/DAMICO_raw_indels.recal.
Write-protecting output file aligned_reads/DAMICO_raw_indels.tranches.
Write-protecting output file aligned_reads/DAMICO_raw_snps.tranches.
[Thu Jan  5 20:32:03 2023]
Finished job 2.
1 of 3 steps (33%) done

[Thu Jan  5 20:32:03 2023]
Job 1: Successively apply the indel and SNP recalibrations to the full callset using ApplyVQSR on aligned_reads/DAMICO_raw_snps_indels.vcf.gz

Write-protecting output file aligned_reads/DAMICO_raw_snps_indels.recalibrated.vcf.gz.
Removing temporary output file aligned_reads/DAMICO_raw_snps_indels.recalibrated_tmp.vcf.gz.
[Thu Jan  5 20:32:15 2023]
Finished job 1.
2 of 3 steps (67%) done

[Thu Jan  5 20:32:15 2023]
localrule all:
    input: aligned_reads/DAMICO_raw_snps_indels.recalibrated.vcf.gz
    jobid: 0

[Thu Jan  5 20:32:15 2023]
Finished job 0.
3 of 3 steps (100%) done
Complete log: /mnt/linuxRDB/FamilyDAMICO_pipelineVC_GATK4/VariantFiltration/.snakemake/log/2023-01-05T202852.943960.snakemake.log
